mode: set
radiocontestwinner/cmd/radiocontestwinner/main.go:15.13,20.15 3 0
radiocontestwinner/cmd/radiocontestwinner/main.go:20.15,24.3 3 0
radiocontestwinner/cmd/radiocontestwinner/main.go:27.2,30.49 3 0
radiocontestwinner/internal/logger/logger.go:10.30,12.16 2 1
radiocontestwinner/internal/logger/logger.go:12.16,15.3 1 0
radiocontestwinner/internal/logger/logger.go:16.2,16.15 1 1
radiocontestwinner/internal/logger/logger.go:20.49,23.16 3 1
radiocontestwinner/internal/logger/logger.go:23.16,25.3 1 0
radiocontestwinner/internal/logger/logger.go:26.2,26.20 1 1
radiocontestwinner/internal/logger/logger.go:30.50,33.16 3 1
radiocontestwinner/internal/logger/logger.go:33.16,35.3 1 0
radiocontestwinner/internal/logger/logger.go:36.2,36.20 1 1
radiocontestwinner/internal/config/config.go:15.40,19.2 3 1
radiocontestwinner/internal/config/config.go:22.74,27.41 4 1
radiocontestwinner/internal/config/config.go:27.41,29.3 1 1
radiocontestwinner/internal/config/config.go:31.2,31.38 1 1
radiocontestwinner/internal/config/config.go:35.56,47.2 6 1
radiocontestwinner/internal/config/config.go:50.47,52.2 1 1
radiocontestwinner/internal/stream/connector.go:24.54,34.2 1 1
radiocontestwinner/internal/stream/connector.go:37.84,47.2 1 1
radiocontestwinner/internal/stream/connector.go:50.62,55.16 3 1
radiocontestwinner/internal/stream/connector.go:55.16,60.3 2 0
radiocontestwinner/internal/stream/connector.go:62.2,63.16 2 1
radiocontestwinner/internal/stream/connector.go:63.16,68.3 2 1
radiocontestwinner/internal/stream/connector.go:70.2,70.38 1 1
radiocontestwinner/internal/stream/connector.go:70.38,76.3 3 1
radiocontestwinner/internal/stream/connector.go:78.2,84.12 3 1
radiocontestwinner/internal/stream/connector.go:88.61,89.23 1 1
radiocontestwinner/internal/stream/connector.go:89.23,91.3 1 1
radiocontestwinner/internal/stream/connector.go:93.2,93.32 1 1
radiocontestwinner/internal/stream/connector.go:97.71,98.55 1 1
radiocontestwinner/internal/stream/connector.go:98.55,105.17 3 1
radiocontestwinner/internal/stream/connector.go:105.17,112.4 3 1
radiocontestwinner/internal/stream/connector.go:114.3,122.30 3 1
radiocontestwinner/internal/stream/connector.go:122.30,123.9 1 1
radiocontestwinner/internal/stream/connector.go:127.3,136.10 4 1
radiocontestwinner/internal/stream/connector.go:137.21,138.60 1 0
radiocontestwinner/internal/stream/connector.go:139.38,139.38 0 1
radiocontestwinner/internal/stream/connector.go:144.2,149.86 2 1
radiocontestwinner/internal/stream/connector.go:153.41,154.23 1 1
radiocontestwinner/internal/stream/connector.go:154.23,159.3 4 1
radiocontestwinner/internal/stream/connector.go:160.2,160.12 1 0
